2022-11-19 14:42:40.655  INFO 15724 --- [restartedMain] com.code.develop.AngelApiApplication     : Starting AngelApiApplication using Java 17.0.4.1 on Kumail-Rizvi with PID 15724 (E:\Study Material\ESD\ESD Advance\esd-api\target\classes started by Lenovo in E:\Study Material\ESD\ESD Advance\esd-api)
2022-11-19 14:42:40.657  INFO 15724 --- [restartedMain] com.code.develop.AngelApiApplication     : No active profile set, falling back to 1 default profile: "default"
2022-11-19 14:42:40.715  INFO 15724 --- [restartedMain] .e.DevToolsPropertyDefaultsPostProcessor : Devtools property defaults active! Set 'spring.devtools.add-properties' to 'false' to disable
2022-11-19 14:42:40.715  INFO 15724 --- [restartedMain] .e.DevToolsPropertyDefaultsPostProcessor : For additional web related logging consider setting the 'logging.level.web' property to 'DEBUG'
2022-11-19 14:42:41.574  INFO 15724 --- [restartedMain] .s.d.r.c.RepositoryConfigurationDelegate : Bootstrapping Spring Data JPA repositories in DEFAULT mode.
2022-11-19 14:42:41.632  INFO 15724 --- [restartedMain] .s.d.r.c.RepositoryConfigurationDelegate : Finished Spring Data repository scanning in 46 ms. Found 3 JPA repository interfaces.
2022-11-19 14:42:42.288  INFO 15724 --- [restartedMain] o.s.b.w.embedded.tomcat.TomcatWebServer  : Tomcat initialized with port(s): 8080 (http)
2022-11-19 14:42:42.300  INFO 15724 --- [restartedMain] o.apache.catalina.core.StandardService   : Starting service [Tomcat]
2022-11-19 14:42:42.301  INFO 15724 --- [restartedMain] org.apache.catalina.core.StandardEngine  : Starting Servlet engine: [Apache Tomcat/9.0.65]
2022-11-19 14:42:42.411  INFO 15724 --- [restartedMain] o.a.c.c.C.[Tomcat].[localhost].[/]       : Initializing Spring embedded WebApplicationContext
2022-11-19 14:42:42.411  INFO 15724 --- [restartedMain] w.s.c.ServletWebServerApplicationContext : Root WebApplicationContext: initialization completed in 1695 ms
2022-11-19 14:42:42.718  INFO 15724 --- [restartedMain] o.hibernate.jpa.internal.util.LogHelper  : HHH000204: Processing PersistenceUnitInfo [name: default]
2022-11-19 14:42:42.794  INFO 15724 --- [restartedMain] org.hibernate.Version                    : HHH000412: Hibernate ORM core version 5.6.10.Final
2022-11-19 14:42:43.045  INFO 15724 --- [restartedMain] o.hibernate.annotations.common.Version   : HCANN000001: Hibernate Commons Annotations {5.1.2.Final}
2022-11-19 14:42:43.586  INFO 15724 --- [restartedMain] com.zaxxer.hikari.HikariDataSource       : HikariPool-1 - Starting...
2022-11-19 14:42:43.767  INFO 15724 --- [restartedMain] com.zaxxer.hikari.HikariDataSource       : HikariPool-1 - Start completed.
2022-11-19 14:42:43.805  INFO 15724 --- [restartedMain] org.hibernate.dialect.Dialect            : HHH000400: Using dialect: org.hibernate.dialect.MySQL8Dialect
2022-11-19 14:42:44.471  INFO 15724 --- [restartedMain] o.h.e.t.j.p.i.JtaPlatformInitiator       : HHH000490: Using JtaPlatform implementation: [org.hibernate.engine.transaction.jta.platform.internal.NoJtaPlatform]
2022-11-19 14:42:44.489  INFO 15724 --- [restartedMain] j.LocalContainerEntityManagerFactoryBean : Initialized JPA EntityManagerFactory for persistence unit 'default'
2022-11-19 14:42:45.270  WARN 15724 --- [restartedMain] JpaBaseConfiguration$JpaWebConfiguration : spring.jpa.open-in-view is enabled by default. Therefore, database queries may be performed during view rendering. Explicitly configure spring.jpa.open-in-view to disable this warning
2022-11-19 14:42:45.500  INFO 15724 --- [restartedMain] pertySourcedRequestMappingHandlerMapping : Mapped URL path [/v2/api-docs] onto method [springfox.documentation.swagger2.web.Swagger2Controller#getDocumentation(String, HttpServletRequest)]
2022-11-19 14:42:45.680  INFO 15724 --- [restartedMain] o.s.b.d.a.OptionalLiveReloadServer       : LiveReload server is running on port 35729
2022-11-19 14:42:45.939  INFO 15724 --- [restartedMain] o.s.b.w.embedded.tomcat.TomcatWebServer  : Tomcat started on port(s): 8080 (http) with context path ''
2022-11-19 14:42:45.941  INFO 15724 --- [restartedMain] d.s.w.p.DocumentationPluginsBootstrapper : Context refreshed
2022-11-19 14:42:45.976  INFO 15724 --- [restartedMain] d.s.w.p.DocumentationPluginsBootstrapper : Found 1 custom documentation plugin(s)
2022-11-19 14:42:46.021  INFO 15724 --- [restartedMain] s.d.s.w.s.ApiListingReferenceScanner     : Scanning for api listing references
2022-11-19 14:42:46.276  INFO 15724 --- [restartedMain] com.code.develop.AngelApiApplication     : Started AngelApiApplication in 6.02 seconds (JVM running for 7.519)
2022-11-19 14:42:56.239  INFO 15724 --- [http-nio-8080-exec-1] o.a.c.c.C.[Tomcat].[localhost].[/]       : Initializing Spring DispatcherServlet 'dispatcherServlet'
2022-11-19 14:42:56.239  INFO 15724 --- [http-nio-8080-exec-1] o.s.web.servlet.DispatcherServlet        : Initializing Servlet 'dispatcherServlet'
2022-11-19 14:42:56.250  INFO 15724 --- [http-nio-8080-exec-1] o.s.web.servlet.DispatcherServlet        : Completed initialization in 3 ms
2022-11-19 14:44:38.617  INFO 15724 --- [File Watcher] rtingClassPathChangeChangedEventListener : Restarting due to 1 class path change (0 additions, 0 deletions, 1 modification)
2022-11-19 14:44:38.642  INFO 15724 --- [Thread-4] o.apache.catalina.core.StandardService   : Stopping service [Tomcat]
2022-11-19 14:44:38.645  INFO 15724 --- [Thread-4] o.a.c.c.C.[Tomcat].[localhost].[/]       : Destroying Spring FrameworkServlet 'dispatcherServlet'
2022-11-19 14:44:38.658  INFO 15724 --- [Thread-4] j.LocalContainerEntityManagerFactoryBean : Closing JPA EntityManagerFactory for persistence unit 'default'
2022-11-19 14:44:38.662  INFO 15724 --- [Thread-4] com.zaxxer.hikari.HikariDataSource       : HikariPool-1 - Shutdown initiated...
2022-11-19 14:44:38.678  INFO 15724 --- [Thread-4] com.zaxxer.hikari.HikariDataSource       : HikariPool-1 - Shutdown completed.
